[2024-12-13 19:31:32.688] [ERR] [Microsoft.AspNetCore.Diagnostics.DeveloperExceptionPageMiddleware] An unhandled exception has occurred while executing the request.
MongoDB.Driver.MongoAuthenticationException: Unable to authenticate using sasl protocol mechanism SCRAM-SHA-1.
 ---> MongoDB.Driver.MongoCommandException: Command saslStart failed: Authentication failed..
   at MongoDB.Driver.Core.WireProtocol.CommandUsingQueryMessageWireProtocol`1.ProcessReply(ConnectionId connectionId, ReplyMessage`1 reply)
   at MongoDB.Driver.Core.WireProtocol.CommandUsingQueryMessageWireProtocol`1.ExecuteAsync(IConnection connection, CancellationToken cancellationToken)
   at MongoDB.Driver.Authentication.SaslAuthenticator.AuthenticateAsync(IConnection connection, ConnectionDescription description, CancellationToken cancellationToken)
   --- End of inner exception stack trace ---
   at MongoDB.Driver.Authentication.SaslAuthenticator.AuthenticateAsync(IConnection connection, ConnectionDescription description, CancellationToken cancellationToken)
   at MongoDB.Driver.Authentication.DefaultAuthenticator.AuthenticateAsync(IConnection connection, ConnectionDescription description, CancellationToken cancellationToken)
   at MongoDB.Driver.Authentication.AuthenticationHelper.AuthenticateAsync(IConnection connection, ConnectionDescription description, IAuthenticator authenticator, CancellationToken cancellationToken)
   at MongoDB.Driver.Core.Connections.ConnectionInitializer.AuthenticateAsync(IConnection connection, ConnectionInitializerContext connectionInitializerContext, CancellationToken cancellationToken)
   at MongoDB.Driver.Core.Connections.BinaryConnection.OpenHelperAsync(CancellationToken cancellationToken)
   at MongoDB.Driver.Core.ConnectionPools.ExclusiveConnectionPool.PooledConnection.OpenAsync(CancellationToken cancellationToken)
   at MongoDB.Driver.Core.ConnectionPools.ExclusiveConnectionPool.ConnectionCreator.CreateOpenedInternalAsync(CancellationToken cancellationToken)
   at MongoDB.Driver.Core.ConnectionPools.ExclusiveConnectionPool.ConnectionCreator.CreateOpenedOrReuseAsync(CancellationToken cancellationToken)
   at MongoDB.Driver.Core.ConnectionPools.ExclusiveConnectionPool.AcquireConnectionHelper.AcquireConnectionAsync(CancellationToken cancellationToken)
   at MongoDB.Driver.Core.ConnectionPools.ExclusiveConnectionPool.AcquireConnectionAsync(CancellationToken cancellationToken)
   at MongoDB.Driver.Core.Servers.Server.GetChannelAsync(CancellationToken cancellationToken)
   at MongoDB.Driver.Core.Operations.RetryableReadContext.InitializeAsync(CancellationToken cancellationToken)
   at MongoDB.Driver.Core.Operations.RetryableReadContext.CreateAsync(IReadBinding binding, Boolean retryRequested, CancellationToken cancellationToken)
   at MongoDB.Driver.Core.Operations.FindOperation`1.ExecuteAsync(IReadBinding binding, CancellationToken cancellationToken)
   at MongoDB.Driver.OperationExecutor.ExecuteReadOperationAsync[TResult](IReadBinding binding, IReadOperation`1 operation, CancellationToken cancellationToken)
   at MongoDB.Driver.MongoCollectionImpl`1.ExecuteReadOperationAsync[TResult](IClientSessionHandle session, IReadOperation`1 operation, ReadPreference readPreference, CancellationToken cancellationToken)
   at MongoDB.Driver.MongoCollectionImpl`1.UsingImplicitSessionAsync[TResult](Func`2 funcAsync, CancellationToken cancellationToken)
   at MongoDB.Driver.IAsyncCursorSourceExtensions.ToListAsync[TDocument](IAsyncCursorSource`1 source, CancellationToken cancellationToken)
   at ApiFunkosCS.CategoryNamespace.Repository.CategoryRepository.GetAllAsync() in C:\Users\alvar\RiderProjects\ApiFunkosCS\ApiFunkosCS\CategoryNamespace\Repository\CategoryRepository.cs:line 27
   at ApiFunkosCS.CategoryNamespace.Service.CategoryService.FindAllAsync() in C:\Users\alvar\RiderProjects\ApiFunkosCS\ApiFunkosCS\CategoryNamespace\Service\CategoryService.cs:line 21
   at ApiFunkosCS.CategoryNamespace.Controller.CategoryController.GetAll() in C:\Users\alvar\RiderProjects\ApiFunkosCS\ApiFunkosCS\CategoryNamespace\Controller\CategoryController.cs:line 24
   at lambda_method5(Closure, Object)
   at Microsoft.AspNetCore.Mvc.Infrastructure.ActionMethodExecutor.AwaitableObjectResultExecutor.Execute(ActionContext actionContext, IActionResultTypeMapper mapper, ObjectMethodExecutor executor, Object controller, Object[] arguments)
   at Microsoft.AspNetCore.Mvc.Infrastructure.ControllerActionInvoker.<InvokeActionMethodAsync>g__Logged|12_1(ControllerActionInvoker invoker)
   at Microsoft.AspNetCore.Mvc.Infrastructure.ControllerActionInvoker.<InvokeNextActionFilterAsync>g__Awaited|10_0(ControllerActionInvoker invoker, Task lastTask, State next, Scope scope, Object state, Boolean isCompleted)
   at Microsoft.AspNetCore.Mvc.Infrastructure.ControllerActionInvoker.Rethrow(ActionExecutedContextSealed context)
   at Microsoft.AspNetCore.Mvc.Infrastructure.ControllerActionInvoker.Next(State& next, Scope& scope, Object& state, Boolean& isCompleted)
   at Microsoft.AspNetCore.Mvc.Infrastructure.ControllerActionInvoker.<InvokeInnerFilterAsync>g__Awaited|13_0(ControllerActionInvoker invoker, Task lastTask, State next, Scope scope, Object state, Boolean isCompleted)
   at Microsoft.AspNetCore.Mvc.Infrastructure.ResourceInvoker.<InvokeFilterPipelineAsync>g__Awaited|20_0(ResourceInvoker invoker, Task lastTask, State next, Scope scope, Object state, Boolean isCompleted)
   at Microsoft.AspNetCore.Mvc.Infrastructure.ResourceInvoker.<InvokeAsync>g__Logged|17_1(ResourceInvoker invoker)
   at Microsoft.AspNetCore.Mvc.Infrastructure.ResourceInvoker.<InvokeAsync>g__Logged|17_1(ResourceInvoker invoker)
   at Microsoft.AspNetCore.Authorization.AuthorizationMiddleware.Invoke(HttpContext context)
   at Swashbuckle.AspNetCore.SwaggerUI.SwaggerUIMiddleware.Invoke(HttpContext httpContext)
   at Swashbuckle.AspNetCore.Swagger.SwaggerMiddleware.Invoke(HttpContext httpContext, ISwaggerProvider swaggerProvider)
   at Microsoft.AspNetCore.Authentication.AuthenticationMiddleware.Invoke(HttpContext context)
   at Microsoft.AspNetCore.Diagnostics.DeveloperExceptionPageMiddlewareImpl.Invoke(HttpContext context)
[2024-12-13 19:31:51.303] [ERR] [Microsoft.AspNetCore.Diagnostics.DeveloperExceptionPageMiddleware] An unhandled exception has occurred while executing the request.
MongoDB.Driver.MongoAuthenticationException: Unable to authenticate using sasl protocol mechanism SCRAM-SHA-1.
 ---> MongoDB.Driver.MongoCommandException: Command saslStart failed: Authentication failed..
   at MongoDB.Driver.Core.WireProtocol.CommandUsingQueryMessageWireProtocol`1.ProcessReply(ConnectionId connectionId, ReplyMessage`1 reply)
   at MongoDB.Driver.Core.WireProtocol.CommandUsingQueryMessageWireProtocol`1.ExecuteAsync(IConnection connection, CancellationToken cancellationToken)
   at MongoDB.Driver.Authentication.SaslAuthenticator.AuthenticateAsync(IConnection connection, ConnectionDescription description, CancellationToken cancellationToken)
   --- End of inner exception stack trace ---
   at MongoDB.Driver.Authentication.SaslAuthenticator.AuthenticateAsync(IConnection connection, ConnectionDescription description, CancellationToken cancellationToken)
   at MongoDB.Driver.Authentication.DefaultAuthenticator.AuthenticateAsync(IConnection connection, ConnectionDescription description, CancellationToken cancellationToken)
   at MongoDB.Driver.Authentication.AuthenticationHelper.AuthenticateAsync(IConnection connection, ConnectionDescription description, IAuthenticator authenticator, CancellationToken cancellationToken)
   at MongoDB.Driver.Core.Connections.ConnectionInitializer.AuthenticateAsync(IConnection connection, ConnectionInitializerContext connectionInitializerContext, CancellationToken cancellationToken)
   at MongoDB.Driver.Core.Connections.BinaryConnection.OpenHelperAsync(CancellationToken cancellationToken)
   at MongoDB.Driver.Core.ConnectionPools.ExclusiveConnectionPool.PooledConnection.OpenAsync(CancellationToken cancellationToken)
   at MongoDB.Driver.Core.ConnectionPools.ExclusiveConnectionPool.ConnectionCreator.CreateOpenedInternalAsync(CancellationToken cancellationToken)
   at MongoDB.Driver.Core.ConnectionPools.ExclusiveConnectionPool.ConnectionCreator.CreateOpenedOrReuseAsync(CancellationToken cancellationToken)
   at MongoDB.Driver.Core.ConnectionPools.ExclusiveConnectionPool.AcquireConnectionHelper.AcquireConnectionAsync(CancellationToken cancellationToken)
   at MongoDB.Driver.Core.ConnectionPools.ExclusiveConnectionPool.AcquireConnectionAsync(CancellationToken cancellationToken)
   at MongoDB.Driver.Core.Servers.Server.GetChannelAsync(CancellationToken cancellationToken)
   at MongoDB.Driver.Core.Operations.RetryableReadContext.InitializeAsync(CancellationToken cancellationToken)
   at MongoDB.Driver.Core.Operations.RetryableReadContext.CreateAsync(IReadBinding binding, Boolean retryRequested, CancellationToken cancellationToken)
   at MongoDB.Driver.Core.Operations.FindOperation`1.ExecuteAsync(IReadBinding binding, CancellationToken cancellationToken)
   at MongoDB.Driver.OperationExecutor.ExecuteReadOperationAsync[TResult](IReadBinding binding, IReadOperation`1 operation, CancellationToken cancellationToken)
   at MongoDB.Driver.MongoCollectionImpl`1.ExecuteReadOperationAsync[TResult](IClientSessionHandle session, IReadOperation`1 operation, ReadPreference readPreference, CancellationToken cancellationToken)
   at MongoDB.Driver.MongoCollectionImpl`1.UsingImplicitSessionAsync[TResult](Func`2 funcAsync, CancellationToken cancellationToken)
   at MongoDB.Driver.IAsyncCursorSourceExtensions.ToListAsync[TDocument](IAsyncCursorSource`1 source, CancellationToken cancellationToken)
   at ApiFunkosCS.CategoryNamespace.Repository.CategoryRepository.GetAllAsync() in C:\Users\alvar\RiderProjects\ApiFunkosCS\ApiFunkosCS\CategoryNamespace\Repository\CategoryRepository.cs:line 27
   at ApiFunkosCS.CategoryNamespace.Service.CategoryService.FindAllAsync() in C:\Users\alvar\RiderProjects\ApiFunkosCS\ApiFunkosCS\CategoryNamespace\Service\CategoryService.cs:line 21
   at ApiFunkosCS.CategoryNamespace.Controller.CategoryController.GetAll() in C:\Users\alvar\RiderProjects\ApiFunkosCS\ApiFunkosCS\CategoryNamespace\Controller\CategoryController.cs:line 24
   at lambda_method5(Closure, Object)
   at Microsoft.AspNetCore.Mvc.Infrastructure.ActionMethodExecutor.AwaitableObjectResultExecutor.Execute(ActionContext actionContext, IActionResultTypeMapper mapper, ObjectMethodExecutor executor, Object controller, Object[] arguments)
   at Microsoft.AspNetCore.Mvc.Infrastructure.ControllerActionInvoker.<InvokeActionMethodAsync>g__Logged|12_1(ControllerActionInvoker invoker)
   at Microsoft.AspNetCore.Mvc.Infrastructure.ControllerActionInvoker.<InvokeNextActionFilterAsync>g__Awaited|10_0(ControllerActionInvoker invoker, Task lastTask, State next, Scope scope, Object state, Boolean isCompleted)
   at Microsoft.AspNetCore.Mvc.Infrastructure.ControllerActionInvoker.Rethrow(ActionExecutedContextSealed context)
   at Microsoft.AspNetCore.Mvc.Infrastructure.ControllerActionInvoker.Next(State& next, Scope& scope, Object& state, Boolean& isCompleted)
   at Microsoft.AspNetCore.Mvc.Infrastructure.ControllerActionInvoker.<InvokeInnerFilterAsync>g__Awaited|13_0(ControllerActionInvoker invoker, Task lastTask, State next, Scope scope, Object state, Boolean isCompleted)
   at Microsoft.AspNetCore.Mvc.Infrastructure.ResourceInvoker.<InvokeFilterPipelineAsync>g__Awaited|20_0(ResourceInvoker invoker, Task lastTask, State next, Scope scope, Object state, Boolean isCompleted)
   at Microsoft.AspNetCore.Mvc.Infrastructure.ResourceInvoker.<InvokeAsync>g__Logged|17_1(ResourceInvoker invoker)
   at Microsoft.AspNetCore.Mvc.Infrastructure.ResourceInvoker.<InvokeAsync>g__Logged|17_1(ResourceInvoker invoker)
   at Microsoft.AspNetCore.Authorization.AuthorizationMiddleware.Invoke(HttpContext context)
   at Swashbuckle.AspNetCore.SwaggerUI.SwaggerUIMiddleware.Invoke(HttpContext httpContext)
   at Swashbuckle.AspNetCore.Swagger.SwaggerMiddleware.Invoke(HttpContext httpContext, ISwaggerProvider swaggerProvider)
   at Microsoft.AspNetCore.Authentication.AuthenticationMiddleware.Invoke(HttpContext context)
   at Microsoft.AspNetCore.Diagnostics.DeveloperExceptionPageMiddlewareImpl.Invoke(HttpContext context)
[2024-12-13 19:36:29.655] [ERR] [Microsoft.AspNetCore.Server.Kestrel] Connection id "0HN8RKK41NHRC", Request id "0HN8RKK41NHRC:00000001": An unhandled exception was thrown by the application.
MongoDB.Driver.MongoAuthenticationException: Unable to authenticate using sasl protocol mechanism SCRAM-SHA-1.
 ---> MongoDB.Driver.MongoCommandException: Command saslStart failed: Authentication failed..
   at MongoDB.Driver.Core.WireProtocol.CommandUsingQueryMessageWireProtocol`1.ProcessReply(ConnectionId connectionId, ReplyMessage`1 reply)
   at MongoDB.Driver.Core.WireProtocol.CommandUsingQueryMessageWireProtocol`1.ExecuteAsync(IConnection connection, CancellationToken cancellationToken)
   at MongoDB.Driver.Authentication.SaslAuthenticator.AuthenticateAsync(IConnection connection, ConnectionDescription description, CancellationToken cancellationToken)
   --- End of inner exception stack trace ---
   at MongoDB.Driver.Authentication.SaslAuthenticator.AuthenticateAsync(IConnection connection, ConnectionDescription description, CancellationToken cancellationToken)
   at MongoDB.Driver.Authentication.DefaultAuthenticator.AuthenticateAsync(IConnection connection, ConnectionDescription description, CancellationToken cancellationToken)
   at MongoDB.Driver.Authentication.AuthenticationHelper.AuthenticateAsync(IConnection connection, ConnectionDescription description, IAuthenticator authenticator, CancellationToken cancellationToken)
   at MongoDB.Driver.Core.Connections.ConnectionInitializer.AuthenticateAsync(IConnection connection, ConnectionInitializerContext connectionInitializerContext, CancellationToken cancellationToken)
   at MongoDB.Driver.Core.Connections.BinaryConnection.OpenHelperAsync(CancellationToken cancellationToken)
   at MongoDB.Driver.Core.ConnectionPools.ExclusiveConnectionPool.PooledConnection.OpenAsync(CancellationToken cancellationToken)
   at MongoDB.Driver.Core.ConnectionPools.ExclusiveConnectionPool.ConnectionCreator.CreateOpenedInternalAsync(CancellationToken cancellationToken)
   at MongoDB.Driver.Core.ConnectionPools.ExclusiveConnectionPool.ConnectionCreator.CreateOpenedOrReuseAsync(CancellationToken cancellationToken)
   at MongoDB.Driver.Core.ConnectionPools.ExclusiveConnectionPool.AcquireConnectionHelper.AcquireConnectionAsync(CancellationToken cancellationToken)
   at MongoDB.Driver.Core.ConnectionPools.ExclusiveConnectionPool.AcquireConnectionAsync(CancellationToken cancellationToken)
   at MongoDB.Driver.Core.Servers.Server.GetChannelAsync(CancellationToken cancellationToken)
   at MongoDB.Driver.Core.Operations.RetryableReadContext.InitializeAsync(CancellationToken cancellationToken)
   at MongoDB.Driver.Core.Operations.RetryableReadContext.CreateAsync(IReadBinding binding, Boolean retryRequested, CancellationToken cancellationToken)
   at MongoDB.Driver.Core.Operations.FindOperation`1.ExecuteAsync(IReadBinding binding, CancellationToken cancellationToken)
   at MongoDB.Driver.OperationExecutor.ExecuteReadOperationAsync[TResult](IReadBinding binding, IReadOperation`1 operation, CancellationToken cancellationToken)
   at MongoDB.Driver.MongoCollectionImpl`1.ExecuteReadOperationAsync[TResult](IClientSessionHandle session, IReadOperation`1 operation, ReadPreference readPreference, CancellationToken cancellationToken)
   at MongoDB.Driver.MongoCollectionImpl`1.UsingImplicitSessionAsync[TResult](Func`2 funcAsync, CancellationToken cancellationToken)
   at MongoDB.Driver.IAsyncCursorSourceExtensions.ToListAsync[TDocument](IAsyncCursorSource`1 source, CancellationToken cancellationToken)
   at ApiFunkosCS.CategoryNamespace.Repository.CategoryRepository.GetAllAsync() in C:\Users\alvar\RiderProjects\ApiFunkosCS\ApiFunkosCS\CategoryNamespace\Repository\CategoryRepository.cs:line 27
   at ApiFunkosCS.CategoryNamespace.Service.CategoryService.FindAllAsync() in C:\Users\alvar\RiderProjects\ApiFunkosCS\ApiFunkosCS\CategoryNamespace\Service\CategoryService.cs:line 21
   at ApiFunkosCS.CategoryNamespace.Controller.CategoryController.GetAll() in C:\Users\alvar\RiderProjects\ApiFunkosCS\ApiFunkosCS\CategoryNamespace\Controller\CategoryController.cs:line 24
   at lambda_method4(Closure, Object)
   at Microsoft.AspNetCore.Mvc.Infrastructure.ActionMethodExecutor.AwaitableObjectResultExecutor.Execute(ActionContext actionContext, IActionResultTypeMapper mapper, ObjectMethodExecutor executor, Object controller, Object[] arguments)
   at Microsoft.AspNetCore.Mvc.Infrastructure.ControllerActionInvoker.<InvokeActionMethodAsync>g__Logged|12_1(ControllerActionInvoker invoker)
   at Microsoft.AspNetCore.Mvc.Infrastructure.ControllerActionInvoker.<InvokeNextActionFilterAsync>g__Awaited|10_0(ControllerActionInvoker invoker, Task lastTask, State next, Scope scope, Object state, Boolean isCompleted)
   at Microsoft.AspNetCore.Mvc.Infrastructure.ControllerActionInvoker.Rethrow(ActionExecutedContextSealed context)
   at Microsoft.AspNetCore.Mvc.Infrastructure.ControllerActionInvoker.Next(State& next, Scope& scope, Object& state, Boolean& isCompleted)
   at Microsoft.AspNetCore.Mvc.Infrastructure.ControllerActionInvoker.<InvokeInnerFilterAsync>g__Awaited|13_0(ControllerActionInvoker invoker, Task lastTask, State next, Scope scope, Object state, Boolean isCompleted)
   at Microsoft.AspNetCore.Mvc.Infrastructure.ResourceInvoker.<InvokeFilterPipelineAsync>g__Awaited|20_0(ResourceInvoker invoker, Task lastTask, State next, Scope scope, Object state, Boolean isCompleted)
   at Microsoft.AspNetCore.Mvc.Infrastructure.ResourceInvoker.<InvokeAsync>g__Logged|17_1(ResourceInvoker invoker)
   at Microsoft.AspNetCore.Mvc.Infrastructure.ResourceInvoker.<InvokeAsync>g__Logged|17_1(ResourceInvoker invoker)
   at Microsoft.AspNetCore.Authorization.AuthorizationMiddleware.Invoke(HttpContext context)
   at Microsoft.AspNetCore.Authentication.AuthenticationMiddleware.Invoke(HttpContext context)
   at Microsoft.AspNetCore.Server.Kestrel.Core.Internal.Http.HttpProtocol.ProcessRequests[TContext](IHttpApplication`1 application)
